INFO 2020-07-08 03:46:35,736 basehttp 124 "GET / HTTP/1.1" 200 16348
INFO 2020-07-08 03:46:38,329 basehttp 124 "GET / HTTP/1.1" 200 16348
INFO 2020-07-08 03:46:40,269 basehttp 124 "GET / HTTP/1.1" 200 16348
INFO 2020-07-08 03:47:31,514 basehttp 124 "GET / HTTP/1.1" 200 16348
WARNING 2020-07-08 03:48:14,838 base 93 Not Found: /user/
WARNING 2020-07-08 03:48:14,839 basehttp 124 "GET /user/ HTTP/1.1" 404 1955
WARNING 2020-07-08 03:49:08,433 base 93 Not Found: /user/
WARNING 2020-07-08 03:49:08,433 basehttp 124 "GET /user/ HTTP/1.1" 404 1955
WARNING 2020-07-08 03:49:10,051 base 93 Not Found: /user/
WARNING 2020-07-08 03:49:10,051 basehttp 124 "GET /user/ HTTP/1.1" 404 1955
INFO 2020-07-08 03:49:13,777 basehttp 124 "GET / HTTP/1.1" 200 16348
INFO 2020-07-08 03:49:15,573 basehttp 124 "GET / HTTP/1.1" 200 16348
INFO 2020-07-08 06:24:21,969 basehttp 124 "GET / HTTP/1.1" 200 16348
INFO 2020-07-08 06:24:22,011 basehttp 124 "GET /static/admin/css/fonts.css HTTP/1.1" 304 0
INFO 2020-07-08 06:24:22,112 basehttp 124 "GET /static/admin/fonts/Roboto-Bold-webfont.woff HTTP/1.1" 304 0
INFO 2020-07-08 06:24:22,126 basehttp 124 "GET /static/admin/fonts/Roboto-Regular-webfont.woff HTTP/1.1" 304 0
INFO 2020-07-08 06:24:22,126 basehttp 124 "GET /static/admin/fonts/Roboto-Light-webfont.woff HTTP/1.1" 304 0
INFO 2020-07-08 06:28:41,115 basehttp 124 "GET / HTTP/1.1" 200 16348
ERROR 2020-07-08 06:28:47,402 exception 74 Invalid HTTP_HOST header: 'api.baizhishop.com:9001'. You may need to add 'api.baizhishop.com' to ALLOWED_HOSTS.
WARNING 2020-07-08 06:28:47,435 basehttp 124 "GET / HTTP/1.1" 400 60391
ERROR 2020-07-08 06:28:47,599 exception 74 Invalid HTTP_HOST header: 'api.baizhishop.com:9001'. You may need to add 'api.baizhishop.com' to ALLOWED_HOSTS.
WARNING 2020-07-08 06:28:47,623 basehttp 124 "GET /favicon.ico HTTP/1.1" 400 60440
INFO 2020-07-08 06:29:12,821 basehttp 124 "GET / HTTP/1.1" 200 16348
INFO 2020-07-08 06:29:12,839 basehttp 124 "GET /static/admin/css/fonts.css HTTP/1.1" 200 423
INFO 2020-07-08 06:29:12,865 basehttp 124 "GET /static/admin/fonts/Roboto-Bold-webfont.woff HTTP/1.1" 200 82564
INFO 2020-07-08 06:29:12,866 basehttp 124 "GET /static/admin/fonts/Roboto-Light-webfont.woff HTTP/1.1" 200 81348
INFO 2020-07-08 06:29:12,866 basehttp 124 "GET /static/admin/fonts/Roboto-Regular-webfont.woff HTTP/1.1" 200 80304
WARNING 2020-07-08 06:29:12,887 base 93 Not Found: /favicon.ico
WARNING 2020-07-08 06:29:12,887 basehttp 124 "GET /favicon.ico HTTP/1.1" 404 1982
WARNING 2020-07-08 08:08:43,085 base 93 Not Found: /
WARNING 2020-07-08 08:08:43,085 basehttp 124 "GET / HTTP/1.1" 404 2056
WARNING 2020-07-08 08:09:53,099 base 93 Not Found: /
WARNING 2020-07-08 08:09:53,100 basehttp 124 "GET / HTTP/1.1" 404 2056
WARNING 2020-07-08 08:09:53,906 base 93 Not Found: /
WARNING 2020-07-08 08:09:53,907 basehttp 124 "GET / HTTP/1.1" 404 2056
INFO 2020-07-08 08:10:00,002 basehttp 124 "GET /xadmin HTTP/1.1" 301 0
INFO 2020-07-08 08:10:00,047 basehttp 124 "GET /xadmin/ HTTP/1.1" 200 4167
INFO 2020-07-08 08:10:00,070 basehttp 124 "GET /static/xadmin/css/themes/bootstrap-xadmin.css HTTP/1.1" 200 1888
INFO 2020-07-08 08:10:00,070 basehttp 124 "GET /static/xadmin/css/xadmin.plugins.css HTTP/1.1" 200 175
INFO 2020-07-08 08:10:00,071 basehttp 124 "GET /static/xadmin/css/xadmin.responsive.css HTTP/1.1" 200 4361
INFO 2020-07-08 08:10:00,071 basehttp 124 "GET /static/xadmin/css/xadmin.main.css HTTP/1.1" 200 8376
INFO 2020-07-08 08:10:00,072 basehttp 124 "GET /static/xadmin/vendor/font-awesome/css/font-awesome.css HTTP/1.1" 200 21658
INFO 2020-07-08 08:10:00,077 basehttp 124 "GET /static/xadmin/vendor/bootstrap/css/bootstrap.css HTTP/1.1" 200 126432
INFO 2020-07-08 08:10:00,079 basehttp 124 "GET /static/xadmin/vendor/jquery-ui/jquery.ui.widget.js HTTP/1.1" 200 15069
INFO 2020-07-08 08:10:00,079 basehttp 124 "GET /static/xadmin/vendor/jquery-ui/jquery.ui.core.js HTTP/1.1" 200 8195
INFO 2020-07-08 08:10:00,080 basehttp 124 "GET /static/xadmin/vendor/jquery-ui/jquery.ui.mouse.js HTTP/1.1" 200 4561
INFO 2020-07-08 08:10:00,084 basehttp 124 "GET /static/xadmin/vendor/jquery-ui/jquery.ui.sortable.js HTTP/1.1" 200 42543
INFO 2020-07-08 08:10:00,084 basehttp 124 "GET /static/xadmin/js/xadmin.responsive.js HTTP/1.1" 200 4165
INFO 2020-07-08 08:10:00,084 basehttp 124 "GET /static/xadmin/vendor/bootstrap/js/bootstrap.js HTTP/1.1" 200 58327
INFO 2020-07-08 08:10:00,087 basehttp 124 "GET /static/xadmin/js/xadmin.main.js HTTP/1.1" 200 3401
INFO 2020-07-08 08:10:00,092 basehttp 124 "GET /xadmin/jsi18n/ HTTP/1.1" 200 4174
INFO 2020-07-08 08:10:00,093 basehttp 124 "GET /static/xadmin/vendor/jquery/jquery.js HTTP/1.1" 200 240196
INFO 2020-07-08 08:10:00,178 basehttp 124 "GET /static/xadmin/vendor/font-awesome/fonts/fontawesome-webfont.woff?v=4.0.3 HTTP/1.1" 200 44432
INFO 2020-07-08 08:12:33,027 basehttp 124 "GET /xadmin/ HTTP/1.1" 200 4167
INFO 2020-07-08 08:12:33,053 basehttp 124 "GET /xadmin/jsi18n/ HTTP/1.1" 200 4174
INFO 2020-07-08 08:12:38,761 basehttp 124 "POST /xadmin/ HTTP/1.1" 302 0
INFO 2020-07-08 08:12:38,788 basehttp 124 "GET /xadmin/ HTTP/1.1" 200 9843
INFO 2020-07-08 08:12:38,863 basehttp 124 "GET /static/xadmin/css/xadmin.page.dashboard.css HTTP/1.1" 200 790
INFO 2020-07-08 08:12:38,865 basehttp 124 "GET /static/xadmin/js/xadmin.plugin.portal.js HTTP/1.1" 200 1000
INFO 2020-07-08 08:12:38,865 basehttp 124 "GET /static/xadmin/js/xadmin.page.dashboard.js HTTP/1.1" 200 3208
INFO 2020-07-08 08:12:38,872 basehttp 124 "GET /xadmin/jsi18n/ HTTP/1.1" 200 3185
INFO 2020-07-08 16:13:20,379 basehttp 124 "GET /xadmin/ HTTP/1.1" 200 9832
INFO 2020-07-08 16:13:20,405 basehttp 124 "GET /xadmin/jsi18n/ HTTP/1.1" 200 7684
INFO 2020-07-08 16:13:22,967 basehttp 124 "GET /xadmin/ HTTP/1.1" 200 9832
INFO 2020-07-08 16:13:22,998 basehttp 124 "GET /xadmin/jsi18n/ HTTP/1.1" 200 7684
INFO 2020-07-08 16:13:23,977 basehttp 124 "GET /xadmin/reversion/revision/ HTTP/1.1" 200 24497
INFO 2020-07-08 16:13:24,000 basehttp 124 "GET /static/xadmin/css/xadmin.form.css HTTP/1.1" 200 3763
INFO 2020-07-08 16:13:24,003 basehttp 124 "GET /static/xadmin/vendor/selectize/selectize.css HTTP/1.1" 200 8425
INFO 2020-07-08 16:13:24,004 basehttp 124 "GET /static/xadmin/vendor/select2/select2.css HTTP/1.1" 200 19226
INFO 2020-07-08 16:13:24,004 basehttp 124 "GET /static/xadmin/vendor/bootstrap-datepicker/css/datepicker.css HTTP/1.1" 200 10225
INFO 2020-07-08 16:13:24,005 basehttp 124 "GET /static/xadmin/vendor/selectize/selectize.bootstrap3.css HTTP/1.1" 200 10602
INFO 2020-07-08 16:13:24,009 basehttp 124 "GET /static/xadmin/js/xadmin.plugin.bookmark.js HTTP/1.1" 200 529
INFO 2020-07-08 16:13:24,011 basehttp 124 "GET /static/xadmin/vendor/select2/select2_locale_zh-hans.js HTTP/1.1" 200 694
INFO 2020-07-08 16:13:24,013 basehttp 124 "GET /static/xadmin/js/xadmin.widget.select.js HTTP/1.1" 200 1344
INFO 2020-07-08 16:13:24,014 basehttp 124 "GET /static/xadmin/js/xadmin.plugin.filters.js HTTP/1.1" 200 1990
INFO 2020-07-08 16:13:24,016 basehttp 124 "GET /static/xadmin/js/xadmin.page.list.js HTTP/1.1" 200 1105
INFO 2020-07-08 16:13:24,020 basehttp 124 "GET /static/xadmin/js/xadmin.plugin.details.js HTTP/1.1" 200 2319
INFO 2020-07-08 16:13:24,020 basehttp 124 "GET /xadmin/jsi18n/ HTTP/1.1" 200 7684
INFO 2020-07-08 16:13:24,022 basehttp 124 "GET /static/xadmin/vendor/bootstrap-datepicker/js/bootstrap-datepicker.js HTTP/1.1" 200 32656
INFO 2020-07-08 16:13:24,022 basehttp 124 "GET /static/xadmin/js/xadmin.page.form.js HTTP/1.1" 200 1948
INFO 2020-07-08 16:13:24,023 basehttp 124 "GET /static/xadmin/js/xadmin.widget.datetime.js HTTP/1.1" 200 2979
INFO 2020-07-08 16:13:24,024 basehttp 124 "GET /static/xadmin/vendor/select2/select2.js HTTP/1.1" 200 104906
INFO 2020-07-08 16:13:24,025 basehttp 124 "GET /static/xadmin/vendor/selectize/selectize.js HTTP/1.1" 200 98602
INFO 2020-07-08 16:13:25,814 basehttp 124 "GET /xadmin/auth/group/ HTTP/1.1" 200 19055
INFO 2020-07-08 16:13:25,838 basehttp 124 "GET /xadmin/jsi18n/ HTTP/1.1" 200 7684
INFO 2020-07-08 16:13:26,403 basehttp 124 "GET /xadmin/auth/user/ HTTP/1.1" 200 29394
INFO 2020-07-08 16:13:26,424 basehttp 124 "GET /static/xadmin/js/xadmin.plugin.actions.js HTTP/1.1" 200 4198
INFO 2020-07-08 16:13:26,430 basehttp 124 "GET /xadmin/jsi18n/ HTTP/1.1" 200 7684
INFO 2020-07-08 16:13:27,420 basehttp 124 "GET /xadmin/auth/permission/ HTTP/1.1" 200 84752
INFO 2020-07-08 16:13:27,445 basehttp 124 "GET /xadmin/jsi18n/ HTTP/1.1" 200 7684
INFO 2020-07-08 16:13:28,186 basehttp 124 "GET /xadmin/auth/user/ HTTP/1.1" 200 29394
INFO 2020-07-08 16:13:28,210 basehttp 124 "GET /xadmin/jsi18n/ HTTP/1.1" 200 7684
INFO 2020-07-08 16:13:29,792 basehttp 124 "GET /xadmin/auth/permission/ HTTP/1.1" 200 84752
INFO 2020-07-08 16:13:29,815 basehttp 124 "GET /xadmin/jsi18n/ HTTP/1.1" 200 7684
INFO 2020-07-08 16:13:33,286 basehttp 124 "GET /xadmin/auth/user/ HTTP/1.1" 200 29394
INFO 2020-07-08 16:13:33,310 basehttp 124 "GET /xadmin/jsi18n/ HTTP/1.1" 200 7684
INFO 2020-07-08 16:13:34,678 basehttp 124 "GET /xadmin/auth/user/1/update/ HTTP/1.1" 200 23463
INFO 2020-07-08 16:13:34,697 basehttp 124 "GET /static/xadmin/vendor/bootstrap-clockpicker/bootstrap-clockpicker.css HTTP/1.1" 200 3729
INFO 2020-07-08 16:13:34,698 basehttp 124 "GET /static/xadmin/css/xadmin.widget.select-transfer.css HTTP/1.1" 200 2317
INFO 2020-07-08 16:13:34,704 basehttp 124 "GET /static/xadmin/js/xadmin.widget.select-transfer.js HTTP/1.1" 200 8214
INFO 2020-07-08 16:13:34,705 basehttp 124 "GET /static/xadmin/vendor/bootstrap-clockpicker/bootstrap-clockpicker.js HTTP/1.1" 200 21112
INFO 2020-07-08 16:13:34,706 basehttp 124 "GET /static/xadmin/js/xadmin.plugin.quick-form.js HTTP/1.1" 200 7546
INFO 2020-07-08 16:13:34,711 basehttp 124 "GET /xadmin/jsi18n/ HTTP/1.1" 200 7684
INFO 2020-07-08 16:14:02,306 basehttp 124 "GET /xadmin/auth/user/ HTTP/1.1" 200 29394
INFO 2020-07-08 16:32:03,718 basehttp 124 "GET /xadmin/auth/user/ HTTP/1.1" 200 29394
INFO 2020-07-08 16:32:03,738 basehttp 124 "GET /xadmin/jsi18n/ HTTP/1.1" 200 7684
INFO 2020-07-08 16:32:16,935 basehttp 124 "GET /xadmin/auth/user/ HTTP/1.1" 200 32800
INFO 2020-07-08 16:32:16,954 basehttp 124 "GET /static/xadmin/js/xadmin.plugin.themes.js HTTP/1.1" 200 3489
INFO 2020-07-08 16:32:16,955 basehttp 124 "GET /static/xadmin/vendor/jquery-ui/jquery.ui.effect.js HTTP/1.1" 200 31918
INFO 2020-07-08 16:32:16,961 basehttp 124 "GET /xadmin/jsi18n/ HTTP/1.1" 200 7684
INFO 2020-07-08 16:32:52,307 basehttp 124 "GET /xadmin/auth/permission/ HTTP/1.1" 200 88158
INFO 2020-07-08 16:32:58,032 basehttp 124 "GET /xadmin/auth/permission/ HTTP/1.1" 200 88158
INFO 2020-07-08 16:32:58,058 basehttp 124 "GET /xadmin/jsi18n/ HTTP/1.1" 200 7684
INFO 2020-07-08 16:33:03,695 basehttp 124 "GET /xadmin/ HTTP/1.1" 200 13253
INFO 2020-07-08 16:33:03,720 basehttp 124 "GET /xadmin/jsi18n/ HTTP/1.1" 200 7684
INFO 2020-07-08 16:34:44,563 basehttp 124 "GET /xadmin/ HTTP/1.1" 200 14384
INFO 2020-07-08 16:34:44,586 basehttp 124 "GET /xadmin/jsi18n/ HTTP/1.1" 200 7684
INFO 2020-07-08 16:34:49,817 basehttp 124 "GET /xadmin/home/banner/ HTTP/1.1" 200 23923
INFO 2020-07-08 16:34:49,845 basehttp 124 "GET /xadmin/jsi18n/ HTTP/1.1" 200 7684
INFO 2020-07-08 16:34:57,649 basehttp 124 "GET /xadmin/home/banner/add/ HTTP/1.1" 200 19459
INFO 2020-07-08 16:34:57,666 basehttp 124 "GET /static/xadmin/vendor/bootstrap-image-gallery/css/bootstrap-image-gallery.css HTTP/1.1" 200 3339
INFO 2020-07-08 16:34:57,672 basehttp 124 "GET /static/xadmin/vendor/load-image/load-image.js HTTP/1.1" 200 8309
INFO 2020-07-08 16:34:57,672 basehttp 124 "GET /static/xadmin/vendor/bootstrap-image-gallery/js/bootstrap-image-gallery.js HTTP/1.1" 200 15611
INFO 2020-07-08 16:34:57,677 basehttp 124 "GET /xadmin/jsi18n/ HTTP/1.1" 200 7684
INFO 2020-07-08 16:35:27,910 basehttp 124 "POST /xadmin/home/banner/add/ HTTP/1.1" 302 0
INFO 2020-07-08 16:35:27,972 basehttp 124 "GET /xadmin/home/banner/add/ HTTP/1.1" 200 19805
INFO 2020-07-08 16:35:27,995 basehttp 124 "GET /xadmin/jsi18n/ HTTP/1.1" 200 7684
INFO 2020-07-08 16:36:02,143 basehttp 124 "POST /xadmin/home/banner/add/ HTTP/1.1" 302 0
INFO 2020-07-08 16:36:02,217 basehttp 124 "GET /xadmin/home/banner/add/ HTTP/1.1" 200 19811
INFO 2020-07-08 16:36:02,241 basehttp 124 "GET /xadmin/jsi18n/ HTTP/1.1" 200 7684
INFO 2020-07-08 16:36:19,929 basehttp 124 "POST /xadmin/home/banner/add/ HTTP/1.1" 302 0
INFO 2020-07-08 16:36:19,990 basehttp 124 "GET /xadmin/home/banner/ HTTP/1.1" 200 29140
INFO 2020-07-08 16:36:20,014 basehttp 124 "GET /xadmin/jsi18n/ HTTP/1.1" 200 7684
INFO 2020-07-08 16:36:40,787 basehttp 124 "GET /xadmin/home/banner/ HTTP/1.1" 200 27770
INFO 2020-07-08 16:36:40,812 basehttp 124 "GET /xadmin/jsi18n/ HTTP/1.1" 200 7684
INFO 2020-07-08 16:36:56,971 basehttp 124 "GET /xadmin/home/banner/ HTTP/1.1" 200 28845
INFO 2020-07-08 16:36:56,993 basehttp 124 "GET /xadmin/jsi18n/ HTTP/1.1" 200 7684
INFO 2020-07-08 16:37:05,839 basehttp 124 "GET /xadmin/home/banner/2/update/ HTTP/1.1" 200 19966
INFO 2020-07-08 16:37:05,867 basehttp 124 "GET /xadmin/jsi18n/ HTTP/1.1" 200 7684
INFO 2020-07-08 16:37:05,875 basehttp 124 "GET /media/banner/02.png HTTP/1.1" 200 364808
INFO 2020-07-08 16:37:08,156 basehttp 124 "GET /xadmin/home/banner/ HTTP/1.1" 200 28845
INFO 2020-07-08 16:37:08,180 basehttp 124 "GET /xadmin/jsi18n/ HTTP/1.1" 200 7684
INFO 2020-07-08 16:37:32,880 basehttp 124 "GET /xadmin/home/banner/?_do_=export&export_type=xls&export_xls_header=on&all=on HTTP/1.1" 200 5632
INFO 2020-07-08 16:43:50,524 basehttp 124 "GET /home/banner HTTP/1.1" 301 0
INFO 2020-07-08 16:43:50,563 basehttp 124 "GET /home/banner/ HTTP/1.1" 200 6124
INFO 2020-07-08 16:43:50,593 basehttp 124 "GET /static/rest_framework/css/bootstrap.min.css HTTP/1.1" 200 121457
INFO 2020-07-08 16:43:50,600 basehttp 124 "GET /static/rest_framework/css/bootstrap-tweaks.css HTTP/1.1" 200 3385
INFO 2020-07-08 16:43:50,601 basehttp 124 "GET /static/rest_framework/js/ajax-form.js HTTP/1.1" 200 3597
INFO 2020-07-08 16:43:50,601 basehttp 124 "GET /static/rest_framework/css/default.css HTTP/1.1" 200 1131
INFO 2020-07-08 16:43:50,601 basehttp 124 "GET /static/rest_framework/js/csrf.js HTTP/1.1" 200 1719
INFO 2020-07-08 16:43:50,601 basehttp 124 "GET /static/rest_framework/css/prettify.css HTTP/1.1" 200 817
INFO 2020-07-08 16:43:50,603 basehttp 124 "GET /static/rest_framework/js/jquery-3.4.1.min.js HTTP/1.1" 200 88145
INFO 2020-07-08 16:43:50,607 basehttp 124 "GET /static/rest_framework/js/prettify-min.js HTTP/1.1" 200 13632
INFO 2020-07-08 16:43:50,607 basehttp 124 "GET /static/rest_framework/js/default.js HTTP/1.1" 200 1268
INFO 2020-07-08 16:43:50,607 basehttp 124 "GET /static/rest_framework/js/bootstrap.min.js HTTP/1.1" 200 37608
INFO 2020-07-08 16:43:50,619 basehttp 124 "GET /static/rest_framework/img/grid.png HTTP/1.1" 200 1458
INFO 2020-07-08 16:43:57,770 basehttp 124 "GET /media/banner/03.png HTTP/1.1" 200 745382
INFO 2020-07-08 16:44:26,485 basehttp 124 "GET /home/banner/ HTTP/1.1" 200 6124
ERROR 2020-07-08 16:50:03,002 exception 74 Invalid HTTP_HOST header: '127.0.0.1:9001'. You may need to add '127.0.0.1' to ALLOWED_HOSTS.
WARNING 2020-07-08 16:50:03,062 basehttp 124 "GET /home/banner/ HTTP/1.1" 400 62621
ERROR 2020-07-08 16:50:33,513 exception 74 Invalid HTTP_HOST header: '127.0.0.1:9001'. You may need to add '127.0.0.1' to ALLOWED_HOSTS.
WARNING 2020-07-08 16:50:33,539 basehttp 124 "GET /home/banner/ HTTP/1.1" 400 62882
INFO 2020-07-08 16:52:26,085 basehttp 124 "GET /home/banner/ HTTP/1.1" 200 261
INFO 2020-07-08 16:52:30,554 basehttp 124 "GET /home/banner/ HTTP/1.1" 200 261
INFO 2020-07-08 16:53:00,672 basehttp 124 "GET /home/banner/ HTTP/1.1" 200 261
INFO 2020-07-08 16:54:09,169 basehttp 124 "GET /media/banner/02.png HTTP/1.1" 200 364808
INFO 2020-07-08 16:54:09,173 basehttp 124 "GET /media/banner/01.png HTTP/1.1" 200 737783
INFO 2020-07-08 16:54:09,173 basehttp 124 "GET /media/banner/03.png HTTP/1.1" 200 745382
INFO 2020-07-08 16:54:18,961 basehttp 124 "GET /home/banner/ HTTP/1.1" 200 261
INFO 2020-07-08 16:54:19,064 basehttp 124 "GET /media/banner/03.png HTTP/1.1" 200 745382
INFO 2020-07-08 16:54:19,067 basehttp 124 "GET /media/banner/02.png HTTP/1.1" 200 364808
INFO 2020-07-08 16:54:19,069 basehttp 124 "GET /media/banner/01.png HTTP/1.1" 200 737783
INFO 2020-07-08 16:54:58,564 basehttp 124 "GET /home/banner/ HTTP/1.1" 200 261
INFO 2020-07-08 16:55:00,761 basehttp 124 "GET /home/banner/ HTTP/1.1" 200 261
INFO 2020-07-08 16:55:01,845 basehttp 124 "GET /home/banner/ HTTP/1.1" 200 261
INFO 2020-07-08 16:55:02,517 basehttp 124 "GET /home/banner/ HTTP/1.1" 200 261
INFO 2020-07-08 16:55:03,101 basehttp 124 "GET /home/banner/ HTTP/1.1" 200 261
INFO 2020-07-08 16:55:04,652 basehttp 124 "GET /home/banner/ HTTP/1.1" 200 261
INFO 2020-07-08 16:55:05,405 basehttp 124 "GET /home/banner/ HTTP/1.1" 200 261
INFO 2020-07-08 16:55:07,138 basehttp 124 "GET /home/banner/ HTTP/1.1" 200 261
INFO 2020-07-08 16:55:59,094 basehttp 124 "GET /home/banner/ HTTP/1.1" 200 261
INFO 2020-07-08 16:55:59,208 basehttp 124 "GET /media/banner/03.png HTTP/1.1" 200 745382
INFO 2020-07-08 16:55:59,210 basehttp 124 "GET /media/banner/02.png HTTP/1.1" 200 364808
INFO 2020-07-08 16:55:59,212 basehttp 124 "GET /media/banner/01.png HTTP/1.1" 200 737783
INFO 2020-07-08 16:56:07,515 basehttp 124 "GET /home/banner/ HTTP/1.1" 200 261
INFO 2020-07-08 16:56:07,616 basehttp 124 "GET /media/banner/03.png HTTP/1.1" 200 745382
INFO 2020-07-08 16:56:07,624 basehttp 124 "GET /media/banner/02.png HTTP/1.1" 200 364808
INFO 2020-07-08 16:56:07,627 basehttp 124 "GET /media/banner/01.png HTTP/1.1" 200 737783
INFO 2020-07-08 17:12:48,588 basehttp 124 "GET /xadmin/home/banner/ HTTP/1.1" 200 29259
INFO 2020-07-08 17:12:48,619 basehttp 124 "GET /xadmin/jsi18n/ HTTP/1.1" 200 7684
ERROR 2020-07-08 17:12:50,257 exception 118 Internal Server Error: /xadmin/home/nav/
Traceback (most recent call last):
  File "/Users/maoxy/Desktop/Python2003/code/2003_env/lib/python3.6/site-packages/django/db/backends/utils.py", line 85, in _execute
    return self.cursor.execute(sql, params)
  File "/Users/maoxy/Desktop/Python2003/code/2003_env/lib/python3.6/site-packages/django/db/backends/mysql/base.py", line 71, in execute
    return self.cursor.execute(query, args)
  File "/Users/maoxy/Desktop/Python2003/code/2003_env/lib/python3.6/site-packages/pymysql/cursors.py", line 170, in execute
    result = self._query(query)
  File "/Users/maoxy/Desktop/Python2003/code/2003_env/lib/python3.6/site-packages/pymysql/cursors.py", line 328, in _query
    conn.query(q)
  File "/Users/maoxy/Desktop/Python2003/code/2003_env/lib/python3.6/site-packages/pymysql/connections.py", line 517, in query
    self._affected_rows = self._read_query_result(unbuffered=unbuffered)
  File "/Users/maoxy/Desktop/Python2003/code/2003_env/lib/python3.6/site-packages/pymysql/connections.py", line 732, in _read_query_result
    result.read()
  File "/Users/maoxy/Desktop/Python2003/code/2003_env/lib/python3.6/site-packages/pymysql/connections.py", line 1075, in read
    first_packet = self.connection._read_packet()
  File "/Users/maoxy/Desktop/Python2003/code/2003_env/lib/python3.6/site-packages/pymysql/connections.py", line 684, in _read_packet
    packet.check_error()
  File "/Users/maoxy/Desktop/Python2003/code/2003_env/lib/python3.6/site-packages/pymysql/protocol.py", line 220, in check_error
    err.raise_mysql_exception(self._data)
  File "/Users/maoxy/Desktop/Python2003/code/2003_env/lib/python3.6/site-packages/pymysql/err.py", line 109, in raise_mysql_exception
    raise errorclass(errno, errval)
pymysql.err.ProgrammingError: (1146, "Table 'edu_api.bz_nav' doesn't exist")

The above exception was the direct cause of the following exception:

Traceback (most recent call last):
  File "/Users/maoxy/Desktop/Python2003/code/2003_env/lib/python3.6/site-packages/django/core/handlers/exception.py", line 35, in inner
    response = get_response(request)
  File "/Users/maoxy/Desktop/Python2003/code/2003_env/lib/python3.6/site-packages/django/core/handlers/base.py", line 128, in _get_response
    response = self.process_exception_by_middleware(e, request)
  File "/Users/maoxy/Desktop/Python2003/code/2003_env/lib/python3.6/site-packages/django/core/handlers/base.py", line 126, in _get_response
    response = wrapped_callback(request, *callback_args, **callback_kwargs)
  File "/Users/maoxy/Desktop/Python2003/code/2003_env/lib/python3.6/site-packages/xadmin/sites.py", line 300, in wrapper
    return self.admin_view(view, cacheable)(*args, **kwargs)
  File "/Users/maoxy/Desktop/Python2003/code/2003_env/lib/python3.6/site-packages/django/views/decorators/cache.py", line 44, in _wrapped_view_func
    response = view_func(request, *args, **kwargs)
  File "/Users/maoxy/Desktop/Python2003/code/2003_env/lib/python3.6/site-packages/xadmin/sites.py", line 208, in inner
    return view(request, *args, **kwargs)
  File "/Users/maoxy/Desktop/Python2003/code/2003_env/lib/python3.6/site-packages/xadmin/views/base.py", line 282, in view
    return handler(request, *args, **kwargs)
  File "/Users/maoxy/Desktop/Python2003/code/2003_env/lib/python3.6/site-packages/django/utils/decorators.py", line 62, in _wrapper
    return bound_func(*args, **kwargs)
  File "/Users/maoxy/Desktop/Python2003/code/2003_env/lib/python3.6/site-packages/django/utils/decorators.py", line 142, in _wrapped_view
    response = view_func(request, *args, **kwargs)
  File "/Users/maoxy/Desktop/Python2003/code/2003_env/lib/python3.6/site-packages/django/utils/decorators.py", line 58, in bound_func
    return func.__get__(self, type(self))(*args2, **kwargs2)
  File "/Users/maoxy/Desktop/Python2003/code/2003_env/lib/python3.6/site-packages/xadmin/views/base.py", line 80, in method
    return filter_chain(filters, len(filters) - 1, _inner_method, *args, **kwargs)
  File "/Users/maoxy/Desktop/Python2003/code/2003_env/lib/python3.6/site-packages/xadmin/views/base.py", line 49, in filter_chain
    return func()
  File "/Users/maoxy/Desktop/Python2003/code/2003_env/lib/python3.6/site-packages/xadmin/views/base.py", line 74, in _inner_method
    return func(self, *args, **kwargs)
  File "/Users/maoxy/Desktop/Python2003/code/2003_env/lib/python3.6/site-packages/xadmin/views/list.py", line 401, in get
    response = self.get_result_list()
  File "/Users/maoxy/Desktop/Python2003/code/2003_env/lib/python3.6/site-packages/xadmin/views/base.py", line 80, in method
    return filter_chain(filters, len(filters) - 1, _inner_method, *args, **kwargs)
  File "/Users/maoxy/Desktop/Python2003/code/2003_env/lib/python3.6/site-packages/xadmin/views/base.py", line 49, in filter_chain
    return func()
  File "/Users/maoxy/Desktop/Python2003/code/2003_env/lib/python3.6/site-packages/xadmin/views/base.py", line 74, in _inner_method
    return func(self, *args, **kwargs)
  File "/Users/maoxy/Desktop/Python2003/code/2003_env/lib/python3.6/site-packages/xadmin/views/list.py", line 200, in get_result_list
    return self.make_result_list()
  File "/Users/maoxy/Desktop/Python2003/code/2003_env/lib/python3.6/site-packages/xadmin/views/list.py", line 177, in make_result_list
    self.result_count = self.paginator.count
  File "/Users/maoxy/Desktop/Python2003/code/2003_env/lib/python3.6/site-packages/django/utils/functional.py", line 36, in __get__
    res = instance.__dict__[self.name] = self.func(instance)
  File "/Users/maoxy/Desktop/Python2003/code/2003_env/lib/python3.6/site-packages/django/core/paginator.py", line 85, in count
    return self.object_list.count()
  File "/Users/maoxy/Desktop/Python2003/code/2003_env/lib/python3.6/site-packages/django/db/models/query.py", line 387, in count
    return self.query.get_count(using=self.db)
  File "/Users/maoxy/Desktop/Python2003/code/2003_env/lib/python3.6/site-packages/django/db/models/sql/query.py", line 491, in get_count
    number = obj.get_aggregation(using, ['__count'])['__count']
  File "/Users/maoxy/Desktop/Python2003/code/2003_env/lib/python3.6/site-packages/django/db/models/sql/query.py", line 476, in get_aggregation
    result = compiler.execute_sql(SINGLE)
  File "/Users/maoxy/Desktop/Python2003/code/2003_env/lib/python3.6/site-packages/django/db/models/sql/compiler.py", line 1068, in execute_sql
    cursor.execute(sql, params)
  File "/Users/maoxy/Desktop/Python2003/code/2003_env/lib/python3.6/site-packages/django/db/backends/utils.py", line 100, in execute
    return super().execute(sql, params)
  File "/Users/maoxy/Desktop/Python2003/code/2003_env/lib/python3.6/site-packages/django/db/backends/utils.py", line 68, in execute
    return self._execute_with_wrappers(sql, params, many=False, executor=self._execute)
  File "/Users/maoxy/Desktop/Python2003/code/2003_env/lib/python3.6/site-packages/django/db/backends/utils.py", line 77, in _execute_with_wrappers
    return executor(sql, params, many, context)
  File "/Users/maoxy/Desktop/Python2003/code/2003_env/lib/python3.6/site-packages/django/db/backends/utils.py", line 85, in _execute
    return self.cursor.execute(sql, params)
  File "/Users/maoxy/Desktop/Python2003/code/2003_env/lib/python3.6/site-packages/django/db/utils.py", line 89, in __exit__
    raise dj_exc_value.with_traceback(traceback) from exc_value
  File "/Users/maoxy/Desktop/Python2003/code/2003_env/lib/python3.6/site-packages/django/db/backends/utils.py", line 85, in _execute
    return self.cursor.execute(sql, params)
  File "/Users/maoxy/Desktop/Python2003/code/2003_env/lib/python3.6/site-packages/django/db/backends/mysql/base.py", line 71, in execute
    return self.cursor.execute(query, args)
  File "/Users/maoxy/Desktop/Python2003/code/2003_env/lib/python3.6/site-packages/pymysql/cursors.py", line 170, in execute
    result = self._query(query)
  File "/Users/maoxy/Desktop/Python2003/code/2003_env/lib/python3.6/site-packages/pymysql/cursors.py", line 328, in _query
    conn.query(q)
  File "/Users/maoxy/Desktop/Python2003/code/2003_env/lib/python3.6/site-packages/pymysql/connections.py", line 517, in query
    self._affected_rows = self._read_query_result(unbuffered=unbuffered)
  File "/Users/maoxy/Desktop/Python2003/code/2003_env/lib/python3.6/site-packages/pymysql/connections.py", line 732, in _read_query_result
    result.read()
  File "/Users/maoxy/Desktop/Python2003/code/2003_env/lib/python3.6/site-packages/pymysql/connections.py", line 1075, in read
    first_packet = self.connection._read_packet()
  File "/Users/maoxy/Desktop/Python2003/code/2003_env/lib/python3.6/site-packages/pymysql/connections.py", line 684, in _read_packet
    packet.check_error()
  File "/Users/maoxy/Desktop/Python2003/code/2003_env/lib/python3.6/site-packages/pymysql/protocol.py", line 220, in check_error
    err.raise_mysql_exception(self._data)
  File "/Users/maoxy/Desktop/Python2003/code/2003_env/lib/python3.6/site-packages/pymysql/err.py", line 109, in raise_mysql_exception
    raise errorclass(errno, errval)
django.db.utils.ProgrammingError: (1146, "Table 'edu_api.bz_nav' doesn't exist")
ERROR 2020-07-08 17:12:50,378 basehttp 124 "GET /xadmin/home/nav/ HTTP/1.1" 500 259962
INFO 2020-07-08 17:12:55,683 basehttp 124 "GET /xadmin/home/banner/ HTTP/1.1" 200 29259
INFO 2020-07-08 17:13:11,792 basehttp 124 "GET /xadmin/home/banner/ HTTP/1.1" 200 29259
INFO 2020-07-08 17:13:11,816 basehttp 124 "GET /xadmin/jsi18n/ HTTP/1.1" 200 7684
INFO 2020-07-08 17:13:13,125 basehttp 124 "GET /xadmin/home/nav/ HTTP/1.1" 200 24900
INFO 2020-07-08 17:13:13,151 basehttp 124 "GET /xadmin/jsi18n/ HTTP/1.1" 200 7684
INFO 2020-07-08 17:13:15,407 basehttp 124 "GET /xadmin/home/nav/add/ HTTP/1.1" 200 19189
INFO 2020-07-08 17:13:15,437 basehttp 124 "GET /xadmin/jsi18n/ HTTP/1.1" 200 7684
INFO 2020-07-08 17:14:34,179 basehttp 124 "GET /home/banner/ HTTP/1.1" 200 261
INFO 2020-07-08 17:14:34,191 basehttp 124 "GET /media/banner/02.png HTTP/1.1" 304 0
INFO 2020-07-08 17:14:34,191 basehttp 124 "GET /media/banner/03.png HTTP/1.1" 304 0
INFO 2020-07-08 17:14:34,192 basehttp 124 "GET /media/banner/01.png HTTP/1.1" 304 0
INFO 2020-07-08 17:57:14,262 autoreload 598 Watching for file changes with StatReloader
WARNING 2020-07-08 17:57:18,396 log 228 Not Found: /
WARNING 2020-07-08 17:57:18,397 basehttp 157 "GET / HTTP/1.1" 404 2049
WARNING 2020-07-08 17:57:18,679 log 228 Not Found: /favicon.ico
WARNING 2020-07-08 17:57:18,679 basehttp 157 "GET /favicon.ico HTTP/1.1" 404 2100
INFO 2020-07-08 18:33:01,800 autoreload 598 Watching for file changes with StatReloader
ERROR 2020-07-08 18:33:05,755 exception 77 Invalid HTTP_HOST header: '127.0.0.1:8000'. You may need to add '127.0.0.1' to ALLOWED_HOSTS.
WARNING 2020-07-08 18:33:05,915 log 228 Bad Request: /
WARNING 2020-07-08 18:33:05,915 basehttp 157 "GET / HTTP/1.1" 400 72610
ERROR 2020-07-08 18:34:33,639 exception 77 Invalid HTTP_HOST header: '127.0.0.1:8000'. You may need to add '127.0.0.1' to ALLOWED_HOSTS.
WARNING 2020-07-08 18:34:33,671 log 228 Bad Request: /
WARNING 2020-07-08 18:34:33,671 basehttp 157 "GET / HTTP/1.1" 400 72610
INFO 2020-07-08 18:34:35,087 autoreload 222 D:\视频111\python\pyc\BZedu_api\BZedu_api\settings\develope.py changed, reloading.
INFO 2020-07-08 18:34:36,650 autoreload 598 Watching for file changes with StatReloader
INFO 2020-07-08 18:34:56,640 autoreload 598 Watching for file changes with StatReloader
ERROR 2020-07-08 18:35:00,441 exception 77 Invalid HTTP_HOST header: '127.0.0.1:8000'. You may need to add '127.0.0.1' to ALLOWED_HOSTS.
WARNING 2020-07-08 18:35:00,490 log 228 Bad Request: /
WARNING 2020-07-08 18:35:00,491 basehttp 157 "GET / HTTP/1.1" 400 72568
ERROR 2020-07-08 18:35:00,737 exception 77 Invalid HTTP_HOST header: '127.0.0.1:8000'. You may need to add '127.0.0.1' to ALLOWED_HOSTS.
WARNING 2020-07-08 18:35:00,771 log 228 Bad Request: /favicon.ico
WARNING 2020-07-08 18:35:00,772 basehttp 157 "GET /favicon.ico HTTP/1.1" 400 72479
ERROR 2020-07-08 18:36:53,912 exception 77 Invalid HTTP_HOST header: '127.0.0.1:8000'. You may need to add '127.0.0.1' to ALLOWED_HOSTS.
WARNING 2020-07-08 18:36:53,948 log 228 Bad Request: /favicon.ico
WARNING 2020-07-08 18:36:53,949 basehttp 157 "GET /favicon.ico HTTP/1.1" 400 72479
WARNING 2020-07-08 18:37:01,750 log 228 Not Found: /
WARNING 2020-07-08 18:37:01,751 basehttp 157 "GET / HTTP/1.1" 404 2058
WARNING 2020-07-08 18:37:01,838 log 228 Not Found: /favicon.ico
WARNING 2020-07-08 18:37:01,839 basehttp 157 "GET /favicon.ico HTTP/1.1" 404 2109
INFO 2020-07-08 18:51:09,335 autoreload 598 Watching for file changes with StatReloader
INFO 2020-07-08 18:52:44,231 autoreload 598 Watching for file changes with StatReloader
INFO 2020-07-08 18:57:22,757 autoreload 222 D:\视频111\python\pyc\BZedu_api\BZedu_api\urls.py changed, reloading.
INFO 2020-07-08 18:57:24,296 autoreload 598 Watching for file changes with StatReloader
WARNING 2020-07-08 19:00:32,697 log 228 Not Found: /home/banner/
WARNING 2020-07-08 19:00:32,698 basehttp 157 "GET /home/banner/ HTTP/1.1" 404 2111
WARNING 2020-07-08 19:00:39,490 log 228 Not Found: /home/banner/
WARNING 2020-07-08 19:00:39,491 basehttp 157 "GET /home/banner/ HTTP/1.1" 404 2111
WARNING 2020-07-08 19:01:27,942 log 228 Not Found: /home/banner/
WARNING 2020-07-08 19:01:27,943 basehttp 157 "GET /home/banner/ HTTP/1.1" 404 2111
WARNING 2020-07-08 19:02:41,584 log 228 Not Found: /home/banner/
WARNING 2020-07-08 19:02:41,585 basehttp 157 "GET /home/banner/ HTTP/1.1" 404 2111
INFO 2020-07-08 19:11:42,332 autoreload 222 D:\视频111\python\pyc\BZedu_api\BZedu_api\settings\develope.py changed, reloading.
INFO 2020-07-08 19:11:44,106 autoreload 598 Watching for file changes with StatReloader
INFO 2020-07-08 19:53:51,223 autoreload 598 Watching for file changes with StatReloader
INFO 2020-07-08 19:54:39,983 autoreload 598 Watching for file changes with StatReloader
INFO 2020-07-08 19:55:05,472 autoreload 598 Watching for file changes with StatReloader
INFO 2020-07-08 19:56:05,395 autoreload 598 Watching for file changes with StatReloader
INFO 2020-07-08 20:08:47,862 autoreload 598 Watching for file changes with StatReloader
INFO 2020-07-08 20:09:23,125 autoreload 598 Watching for file changes with StatReloader
INFO 2020-07-08 20:09:35,173 autoreload 598 Watching for file changes with StatReloader
INFO 2020-07-08 20:10:26,964 autoreload 222 D:\视频111\python\pyc\BZedu_api\BZedu_api\settings\develope.py changed, reloading.
INFO 2020-07-08 20:10:28,428 autoreload 598 Watching for file changes with StatReloader
INFO 2020-07-08 20:16:19,443 autoreload 598 Watching for file changes with StatReloader
INFO 2020-07-08 20:24:05,466 autoreload 222 D:\vedio\django\python2002\env2002\Lib\site-packages\django\__init__.py changed, reloading.
WARNING 2020-07-08 20:26:26,946 base 93 Not Found: /
WARNING 2020-07-08 20:26:26,948 basehttp 124 "GET / HTTP/1.1" 404 2058
WARNING 2020-07-08 20:26:28,473 base 93 Not Found: /
WARNING 2020-07-08 20:26:28,474 basehttp 124 "GET / HTTP/1.1" 404 2058
WARNING 2020-07-08 20:26:29,409 base 93 Not Found: /
WARNING 2020-07-08 20:26:29,410 basehttp 124 "GET / HTTP/1.1" 404 2058
WARNING 2020-07-08 20:26:30,042 base 93 Not Found: /
WARNING 2020-07-08 20:26:30,042 basehttp 124 "GET / HTTP/1.1" 404 2058
WARNING 2020-07-08 20:26:30,666 base 93 Not Found: /
WARNING 2020-07-08 20:26:30,667 basehttp 124 "GET / HTTP/1.1" 404 2058
INFO 2020-07-08 20:27:37,071 basehttp 124 "GET /xadmin HTTP/1.1" 301 0
INFO 2020-07-08 20:27:37,127 basehttp 124 "GET /xadmin/ HTTP/1.1" 200 4167
INFO 2020-07-08 20:27:37,190 basehttp 124 "GET /static/xadmin/css/xadmin.plugins.css HTTP/1.1" 200 175
INFO 2020-07-08 20:27:37,190 basehttp 124 "GET /static/xadmin/css/themes/bootstrap-xadmin.css HTTP/1.1" 200 1888
INFO 2020-07-08 20:27:37,190 basehttp 124 "GET /static/xadmin/css/xadmin.main.css HTTP/1.1" 200 8376
INFO 2020-07-08 20:27:37,191 basehttp 124 "GET /static/xadmin/vendor/font-awesome/css/font-awesome.css HTTP/1.1" 200 21658
INFO 2020-07-08 20:27:37,192 basehttp 124 "GET /static/xadmin/vendor/bootstrap/css/bootstrap.css HTTP/1.1" 200 126432
INFO 2020-07-08 20:27:37,192 basehttp 124 "GET /static/xadmin/css/xadmin.responsive.css HTTP/1.1" 200 4361
INFO 2020-07-08 20:27:37,226 basehttp 124 "GET /static/xadmin/vendor/jquery-ui/jquery.ui.core.js HTTP/1.1" 200 8195
INFO 2020-07-08 20:27:37,228 basehttp 124 "GET /static/xadmin/vendor/jquery-ui/jquery.ui.widget.js HTTP/1.1" 200 15069
INFO 2020-07-08 20:27:37,229 basehttp 124 "GET /xadmin/jsi18n/ HTTP/1.1" 200 4174
INFO 2020-07-08 20:27:37,229 basehttp 124 "GET /static/xadmin/vendor/jquery/jquery.js HTTP/1.1" 200 240196
INFO 2020-07-08 20:27:37,233 basehttp 124 "GET /static/xadmin/vendor/jquery-ui/jquery.ui.sortable.js HTTP/1.1" 200 42543
INFO 2020-07-08 20:27:37,240 basehttp 124 "GET /static/xadmin/vendor/jquery-ui/jquery.ui.mouse.js HTTP/1.1" 200 4561
INFO 2020-07-08 20:27:37,241 basehttp 124 "GET /static/xadmin/vendor/bootstrap/js/bootstrap.js HTTP/1.1" 200 58327
INFO 2020-07-08 20:27:37,243 basehttp 124 "GET /static/xadmin/js/xadmin.main.js HTTP/1.1" 200 3401
INFO 2020-07-08 20:27:37,246 basehttp 124 "GET /static/xadmin/js/xadmin.responsive.js HTTP/1.1" 200 4165
INFO 2020-07-08 20:27:37,343 basehttp 124 "GET /static/xadmin/vendor/font-awesome/fonts/fontawesome-webfont.woff?v=4.0.3 HTTP/1.1" 200 44432
INFO 2020-07-08 20:28:42,974 basehttp 124 "GET /xadmin/ HTTP/1.1" 200 4163
INFO 2020-07-08 20:28:43,014 basehttp 124 "GET /xadmin/jsi18n/ HTTP/1.1" 200 4170
INFO 2020-07-08 20:33:13,126 basehttp 124 "POST /xadmin/ HTTP/1.1" 302 0
INFO 2020-07-08 20:33:15,191 basehttp 124 "GET /xadmin/ HTTP/1.1" 200 9832
INFO 2020-07-08 20:33:15,223 basehttp 124 "GET /static/xadmin/vendor/bootstrap/css/bootstrap.css HTTP/1.1" 304 0
INFO 2020-07-08 20:33:15,228 basehttp 124 "GET /static/xadmin/css/themes/bootstrap-xadmin.css HTTP/1.1" 304 0
INFO 2020-07-08 20:33:15,230 basehttp 124 "GET /static/xadmin/css/xadmin.page.dashboard.css HTTP/1.1" 200 790
INFO 2020-07-08 20:33:15,233 basehttp 124 "GET /static/xadmin/vendor/font-awesome/css/font-awesome.css HTTP/1.1" 304 0
INFO 2020-07-08 20:33:15,236 basehttp 124 "GET /static/xadmin/css/xadmin.main.css HTTP/1.1" 304 0
INFO 2020-07-08 20:33:15,239 basehttp 124 "GET /static/xadmin/css/xadmin.plugins.css HTTP/1.1" 304 0
INFO 2020-07-08 20:33:15,243 basehttp 124 "GET /static/xadmin/css/xadmin.responsive.css HTTP/1.1" 304 0
INFO 2020-07-08 20:33:15,253 basehttp 124 "GET /static/xadmin/vendor/jquery/jquery.js HTTP/1.1" 304 0
INFO 2020-07-08 20:33:15,255 basehttp 124 "GET /static/xadmin/vendor/jquery-ui/jquery.ui.core.js HTTP/1.1" 304 0
INFO 2020-07-08 20:33:15,263 basehttp 124 "GET /static/xadmin/vendor/jquery-ui/jquery.ui.widget.js HTTP/1.1" 304 0
INFO 2020-07-08 20:33:15,267 basehttp 124 "GET /static/xadmin/vendor/jquery-ui/jquery.ui.mouse.js HTTP/1.1" 304 0
INFO 2020-07-08 20:33:15,269 basehttp 124 "GET /static/xadmin/js/xadmin.page.dashboard.js HTTP/1.1" 200 3208
INFO 2020-07-08 20:33:15,274 basehttp 124 "GET /static/xadmin/vendor/jquery-ui/jquery.ui.sortable.js HTTP/1.1" 304 0
INFO 2020-07-08 20:33:15,276 basehttp 124 "GET /static/xadmin/vendor/bootstrap/js/bootstrap.js HTTP/1.1" 304 0
INFO 2020-07-08 20:33:15,277 basehttp 124 "GET /static/xadmin/js/xadmin.main.js HTTP/1.1" 304 0
INFO 2020-07-08 20:33:15,284 basehttp 124 "GET /static/xadmin/js/xadmin.responsive.js HTTP/1.1" 304 0
INFO 2020-07-08 20:33:15,285 basehttp 124 "GET /static/xadmin/js/xadmin.plugin.portal.js HTTP/1.1" 200 1000
INFO 2020-07-08 20:33:17,291 basehttp 124 "GET /xadmin/jsi18n/ HTTP/1.1" 200 7678
INFO 2020-07-08 20:33:17,308 basehttp 124 "GET /static/xadmin/vendor/font-awesome/fonts/fontawesome-webfont.woff?v=4.0.3 HTTP/1.1" 304 0
INFO 2020-07-08 20:37:41,419 basehttp 124 "GET /xadmin/ HTTP/1.1" 200 13253
INFO 2020-07-08 20:37:41,443 basehttp 124 "GET /static/xadmin/vendor/jquery-ui/jquery.ui.effect.js HTTP/1.1" 200 31918
INFO 2020-07-08 20:37:41,455 basehttp 124 "GET /static/xadmin/js/xadmin.plugin.themes.js HTTP/1.1" 200 3489
INFO 2020-07-08 20:37:43,495 basehttp 124 "GET /xadmin/jsi18n/ HTTP/1.1" 200 7678
INFO 2020-07-08 20:40:34,351 basehttp 124 "GET /xadmin/ HTTP/1.1" 200 14384
INFO 2020-07-08 20:40:34,378 basehttp 124 "GET /static/xadmin/vendor/bootstrap/css/bootstrap.css HTTP/1.1" 304 0
INFO 2020-07-08 20:40:34,400 basehttp 124 "GET /static/xadmin/css/xadmin.responsive.css HTTP/1.1" 304 0
INFO 2020-07-08 20:40:34,401 basehttp 124 "GET /static/xadmin/css/xadmin.main.css HTTP/1.1" 304 0
INFO 2020-07-08 20:40:34,401 basehttp 124 "GET /static/xadmin/css/themes/bootstrap-xadmin.css HTTP/1.1" 304 0
INFO 2020-07-08 20:40:34,401 basehttp 124 "GET /static/xadmin/css/xadmin.plugins.css HTTP/1.1" 304 0
INFO 2020-07-08 20:40:34,401 basehttp 124 "GET /static/xadmin/vendor/font-awesome/css/font-awesome.css HTTP/1.1" 304 0
INFO 2020-07-08 20:40:34,402 basehttp 124 "GET /static/xadmin/css/xadmin.page.dashboard.css HTTP/1.1" 304 0
INFO 2020-07-08 20:40:34,426 basehttp 124 "GET /static/xadmin/vendor/jquery-ui/jquery.ui.widget.js HTTP/1.1" 304 0
INFO 2020-07-08 20:40:34,427 basehttp 124 "GET /static/xadmin/vendor/jquery/jquery.js HTTP/1.1" 304 0
INFO 2020-07-08 20:40:34,427 basehttp 124 "GET /static/xadmin/vendor/jquery-ui/jquery.ui.mouse.js HTTP/1.1" 304 0
INFO 2020-07-08 20:40:34,428 basehttp 124 "GET /static/xadmin/vendor/jquery-ui/jquery.ui.core.js HTTP/1.1" 304 0
INFO 2020-07-08 20:40:34,431 basehttp 124 "GET /static/xadmin/vendor/jquery-ui/jquery.ui.sortable.js HTTP/1.1" 304 0
INFO 2020-07-08 20:40:34,448 basehttp 124 "GET /static/xadmin/vendor/bootstrap/js/bootstrap.js HTTP/1.1" 304 0
INFO 2020-07-08 20:40:34,449 basehttp 124 "GET /static/xadmin/js/xadmin.main.js HTTP/1.1" 304 0
INFO 2020-07-08 20:40:34,449 basehttp 124 "GET /static/xadmin/js/xadmin.responsive.js HTTP/1.1" 304 0
INFO 2020-07-08 20:40:34,453 basehttp 124 "GET /static/xadmin/js/xadmin.page.dashboard.js HTTP/1.1" 304 0
INFO 2020-07-08 20:40:34,461 basehttp 124 "GET /static/xadmin/js/xadmin.plugin.portal.js HTTP/1.1" 304 0
INFO 2020-07-08 20:40:36,458 basehttp 124 "GET /xadmin/jsi18n/ HTTP/1.1" 200 7678
INFO 2020-07-08 20:40:36,476 basehttp 124 "GET /static/xadmin/vendor/font-awesome/fonts/fontawesome-webfont.woff?v=4.0.3 HTTP/1.1" 304 0
INFO 2020-07-08 20:40:42,451 basehttp 124 "GET /xadmin/home/banner/ HTTP/1.1" 200 23923
ERROR 2020-07-08 20:40:42,454 basehttp 124 "GET /xadmin/home/banner/ HTTP/1.1" 500 59
INFO 2020-07-08 20:40:43,720 basehttp 124 "GET /xadmin/home/banner/ HTTP/1.1" 200 23923
ERROR 2020-07-08 20:40:43,721 basehttp 124 "GET /xadmin/home/banner/ HTTP/1.1" 500 59
INFO 2020-07-08 20:40:43,903 basehttp 124 "GET /xadmin/home/banner/ HTTP/1.1" 200 23923
INFO 2020-07-08 20:40:43,932 basehttp 124 "GET /static/xadmin/css/xadmin.form.css HTTP/1.1" 200 3763
INFO 2020-07-08 20:40:43,973 basehttp 124 "GET /static/xadmin/js/xadmin.page.list.js HTTP/1.1" 200 1105
INFO 2020-07-08 20:40:43,973 basehttp 124 "GET /static/xadmin/js/xadmin.plugin.details.js HTTP/1.1" 200 2319
INFO 2020-07-08 20:40:43,974 basehttp 124 "GET /static/xadmin/js/xadmin.plugin.filters.js HTTP/1.1" 200 1990
INFO 2020-07-08 20:40:43,974 basehttp 124 "GET /static/xadmin/js/xadmin.plugin.bookmark.js HTTP/1.1" 200 529
INFO 2020-07-08 20:40:43,986 basehttp 124 "GET /static/xadmin/js/xadmin.page.form.js HTTP/1.1" 200 1948
INFO 2020-07-08 20:40:46,012 basehttp 124 "GET /xadmin/jsi18n/ HTTP/1.1" 200 7678
INFO 2020-07-08 20:40:52,136 basehttp 124 "GET /xadmin/home/banner/add/ HTTP/1.1" 200 19459
INFO 2020-07-08 20:40:52,168 basehttp 124 "GET /static/xadmin/vendor/bootstrap-image-gallery/css/bootstrap-image-gallery.css HTTP/1.1" 200 3339
INFO 2020-07-08 20:40:52,179 basehttp 124 "GET /static/xadmin/vendor/load-image/load-image.js HTTP/1.1" 200 8309
INFO 2020-07-08 20:40:52,190 basehttp 124 "GET /static/xadmin/vendor/bootstrap-image-gallery/js/bootstrap-image-gallery.js HTTP/1.1" 200 15611
INFO 2020-07-08 20:40:54,222 basehttp 124 "GET /xadmin/jsi18n/ HTTP/1.1" 200 7678
INFO 2020-07-08 20:42:01,761 basehttp 124 "POST /xadmin/home/banner/add/ HTTP/1.1" 302 0
INFO 2020-07-08 20:42:03,871 basehttp 124 "GET /xadmin/home/banner/add/ HTTP/1.1" 200 19800
INFO 2020-07-08 20:42:05,929 basehttp 124 "GET /xadmin/jsi18n/ HTTP/1.1" 200 7678
INFO 2020-07-08 20:42:35,193 basehttp 124 "POST /xadmin/home/banner/add/ HTTP/1.1" 302 0
INFO 2020-07-08 20:42:37,307 basehttp 124 "GET /xadmin/home/banner/add/ HTTP/1.1" 200 19800
INFO 2020-07-08 20:42:39,369 basehttp 124 "GET /xadmin/jsi18n/ HTTP/1.1" 200 7678
INFO 2020-07-08 20:43:02,556 basehttp 124 "POST /xadmin/home/banner/add/ HTTP/1.1" 302 0
INFO 2020-07-08 20:43:04,678 basehttp 124 "GET /xadmin/home/banner/add/ HTTP/1.1" 200 19800
INFO 2020-07-08 20:43:04,719 basehttp 124 "GET /static/xadmin/vendor/jquery-ui/jquery.ui.effect.js HTTP/1.1" 304 0
INFO 2020-07-08 20:43:04,719 basehttp 124 "GET /static/xadmin/js/xadmin.plugin.themes.js HTTP/1.1" 304 0
INFO 2020-07-08 20:43:06,749 basehttp 124 "GET /xadmin/jsi18n/ HTTP/1.1" 200 7678
INFO 2020-07-08 20:43:14,447 basehttp 124 "GET /xadmin/home/banner/ HTTP/1.1" 200 28824
INFO 2020-07-08 20:43:14,477 basehttp 124 "GET /static/xadmin/js/xadmin.plugin.actions.js HTTP/1.1" 200 4198
INFO 2020-07-08 20:43:16,518 basehttp 124 "GET /xadmin/jsi18n/ HTTP/1.1" 200 7678
INFO 2020-07-08 20:43:23,039 basehttp 124 "GET /xadmin/home/banner/3/update/ HTTP/1.1" 200 19945
INFO 2020-07-08 20:43:23,089 basehttp 124 "GET /media/banner/120P3132330-4.jpg HTTP/1.1" 200 322215
INFO 2020-07-08 20:43:25,111 basehttp 124 "GET /xadmin/jsi18n/ HTTP/1.1" 200 7678
INFO 2020-07-08 20:43:43,316 basehttp 124 "POST /xadmin/home/banner/3/update/ HTTP/1.1" 302 0
INFO 2020-07-08 20:43:45,420 basehttp 124 "GET /xadmin/home/banner/ HTTP/1.1" 200 29055
INFO 2020-07-08 20:43:47,493 basehttp 124 "GET /xadmin/jsi18n/ HTTP/1.1" 200 7678
INFO 2020-07-08 20:43:54,057 basehttp 124 "GET /xadmin/home/banner/2/update/ HTTP/1.1" 200 19985
INFO 2020-07-08 20:43:54,093 basehttp 124 "GET /media/banner/3dbcb2a9d8da469db071116bf60529e2.jpeg HTTP/1.1" 200 410254
INFO 2020-07-08 20:43:56,121 basehttp 124 "GET /xadmin/jsi18n/ HTTP/1.1" 200 7678
INFO 2020-07-08 20:44:06,694 basehttp 124 "POST /xadmin/home/banner/2/update/ HTTP/1.1" 302 0
INFO 2020-07-08 20:44:08,801 basehttp 124 "GET /xadmin/home/banner/ HTTP/1.1" 200 29056
INFO 2020-07-08 20:44:10,874 basehttp 124 "GET /xadmin/jsi18n/ HTTP/1.1" 200 7678
INFO 2020-07-08 20:44:14,663 basehttp 124 "GET /xadmin/home/banner/1/update/ HTTP/1.1" 200 19965
INFO 2020-07-08 20:44:14,712 basehttp 124 "GET /media/banner/19766807_160125295000_2.jpg HTTP/1.1" 200 369022
INFO 2020-07-08 20:44:16,733 basehttp 124 "GET /xadmin/jsi18n/ HTTP/1.1" 200 7678
INFO 2020-07-08 20:44:29,372 basehttp 124 "POST /xadmin/home/banner/1/update/ HTTP/1.1" 302 0
INFO 2020-07-08 20:44:31,477 basehttp 124 "GET /xadmin/home/banner/ HTTP/1.1" 200 29057
INFO 2020-07-08 20:44:33,544 basehttp 124 "GET /xadmin/jsi18n/ HTTP/1.1" 200 7678
WARNING 2020-07-08 20:50:31,644 base 93 Not Found: /home/
WARNING 2020-07-08 20:50:31,646 basehttp 124 "GET /home/ HTTP/1.1" 404 2250
INFO 2020-07-08 20:50:44,266 basehttp 124 "GET /home/banner/ HTTP/1.1" 200 6315
INFO 2020-07-08 20:50:44,318 basehttp 124 "GET /static/rest_framework/css/bootstrap-tweaks.css HTTP/1.1" 200 3385
INFO 2020-07-08 20:50:44,320 basehttp 124 "GET /static/rest_framework/css/prettify.css HTTP/1.1" 200 817
INFO 2020-07-08 20:50:44,320 basehttp 124 "GET /static/rest_framework/css/default.css HTTP/1.1" 200 1131
INFO 2020-07-08 20:50:44,338 basehttp 124 "GET /static/rest_framework/js/bootstrap.min.js HTTP/1.1" 200 37608
INFO 2020-07-08 20:50:44,338 basehttp 124 "GET /static/rest_framework/js/jquery-3.4.1.min.js HTTP/1.1" 200 88145
INFO 2020-07-08 20:50:44,351 basehttp 124 "GET /static/rest_framework/css/bootstrap.min.css HTTP/1.1" 200 121457
INFO 2020-07-08 20:50:44,365 basehttp 124 "GET /static/rest_framework/js/csrf.js HTTP/1.1" 200 1719
INFO 2020-07-08 20:50:44,370 basehttp 124 "GET /static/rest_framework/js/default.js HTTP/1.1" 200 1268
INFO 2020-07-08 20:50:44,384 basehttp 124 "GET /static/rest_framework/js/ajax-form.js HTTP/1.1" 200 3597
INFO 2020-07-08 20:50:44,390 basehttp 124 "GET /static/rest_framework/img/grid.png HTTP/1.1" 200 1458
INFO 2020-07-08 20:50:44,411 basehttp 124 "GET /static/rest_framework/js/prettify-min.js HTTP/1.1" 200 13632
INFO 2020-07-08 20:51:40,010 basehttp 124 "GET /media/banner/120P3132330-4_tOZXZtc.jpg HTTP/1.1" 200 322215
INFO 2020-07-08 20:54:31,210 basehttp 124 "GET /home/banner/ HTTP/1.1" 200 367
INFO 2020-07-08 20:54:31,237 basehttp 124 "GET /media/banner/120P3132330-4_tOZXZtc.jpg HTTP/1.1" 304 0
INFO 2020-07-08 20:54:31,239 basehttp 124 "GET /media/banner/3dbcb2a9d8da469db071116bf60529e2_xv5ZUIF.jpeg HTTP/1.1" 200 410254
INFO 2020-07-08 20:54:31,241 basehttp 124 "GET /media/banner/19766807_160125295000_2_22R7AkE.jpg HTTP/1.1" 200 369022
INFO 2020-07-08 20:59:09,692 basehttp 124 "GET /home/banner/ HTTP/1.1" 200 367
INFO 2020-07-08 20:59:09,711 basehttp 124 "GET /media/banner/120P3132330-4_tOZXZtc.jpg HTTP/1.1" 304 0
INFO 2020-07-08 20:59:09,715 basehttp 124 "GET /media/banner/3dbcb2a9d8da469db071116bf60529e2_xv5ZUIF.jpeg HTTP/1.1" 304 0
INFO 2020-07-08 20:59:09,718 basehttp 124 "GET /media/banner/19766807_160125295000_2_22R7AkE.jpg HTTP/1.1" 304 0
INFO 2020-07-08 20:59:41,409 basehttp 124 "GET /home/banner/ HTTP/1.1" 200 367
INFO 2020-07-08 20:59:49,917 basehttp 124 "GET /home/banner/ HTTP/1.1" 200 367
INFO 2020-07-08 20:59:55,502 basehttp 124 "GET /home/banner/ HTTP/1.1" 200 367
INFO 2020-07-08 20:59:59,954 basehttp 124 "GET /home/banner/ HTTP/1.1" 200 367
INFO 2020-07-08 21:00:03,363 basehttp 124 "GET /home/banner/ HTTP/1.1" 200 367
INFO 2020-07-08 21:05:26,590 basehttp 124 "GET /home/banner/ HTTP/1.1" 200 367
INFO 2020-07-08 21:05:26,612 basehttp 124 "GET /media/banner/120P3132330-4_tOZXZtc.jpg HTTP/1.1" 304 0
INFO 2020-07-08 21:05:26,613 basehttp 124 "GET /media/banner/3dbcb2a9d8da469db071116bf60529e2_xv5ZUIF.jpeg HTTP/1.1" 304 0
INFO 2020-07-08 21:05:26,619 basehttp 124 "GET /media/banner/19766807_160125295000_2_22R7AkE.jpg HTTP/1.1" 304 0
INFO 2020-07-08 21:07:58,504 basehttp 124 "GET /home/banner/ HTTP/1.1" 200 367
ERROR 2020-07-08 21:07:58,506 basehttp 124 "GET /home/banner/ HTTP/1.1" 500 59
INFO 2020-07-08 21:07:59,800 basehttp 124 "GET /home/banner/ HTTP/1.1" 200 367
INFO 2020-07-08 21:07:59,830 basehttp 124 "GET /media/banner/120P3132330-4_tOZXZtc.jpg HTTP/1.1" 304 0
INFO 2020-07-08 21:07:59,834 basehttp 124 "GET /media/banner/3dbcb2a9d8da469db071116bf60529e2_xv5ZUIF.jpeg HTTP/1.1" 304 0
INFO 2020-07-08 21:07:59,839 basehttp 124 "GET /media/banner/19766807_160125295000_2_22R7AkE.jpg HTTP/1.1" 304 0
INFO 2020-07-08 21:08:47,941 basehttp 124 "GET /home/banner/ HTTP/1.1" 200 367
INFO 2020-07-08 21:14:13,157 basehttp 124 "GET /xadmin/home/banner/ HTTP/1.1" 200 28827
INFO 2020-07-08 21:14:13,183 basehttp 124 "GET /static/xadmin/vendor/bootstrap/css/bootstrap.css HTTP/1.1" 304 0
INFO 2020-07-08 21:14:13,196 basehttp 124 "GET /static/xadmin/css/themes/bootstrap-xadmin.css HTTP/1.1" 304 0
INFO 2020-07-08 21:14:13,201 basehttp 124 "GET /static/xadmin/vendor/font-awesome/css/font-awesome.css HTTP/1.1" 304 0
INFO 2020-07-08 21:14:13,211 basehttp 124 "GET /static/xadmin/css/xadmin.main.css HTTP/1.1" 304 0
INFO 2020-07-08 21:14:13,212 basehttp 124 "GET /static/xadmin/css/xadmin.plugins.css HTTP/1.1" 304 0
INFO 2020-07-08 21:14:13,217 basehttp 124 "GET /static/xadmin/css/xadmin.responsive.css HTTP/1.1" 304 0
INFO 2020-07-08 21:14:13,217 basehttp 124 "GET /static/xadmin/css/xadmin.form.css HTTP/1.1" 304 0
INFO 2020-07-08 21:14:13,218 basehttp 124 "GET /static/xadmin/vendor/jquery/jquery.js HTTP/1.1" 304 0
INFO 2020-07-08 21:14:13,243 basehttp 124 "GET /static/xadmin/vendor/bootstrap/js/bootstrap.js HTTP/1.1" 304 0
INFO 2020-07-08 21:14:13,262 basehttp 124 "GET /static/xadmin/vendor/jquery-ui/jquery.ui.widget.js HTTP/1.1" 304 0
INFO 2020-07-08 21:14:13,262 basehttp 124 "GET /static/xadmin/vendor/jquery-ui/jquery.ui.core.js HTTP/1.1" 304 0
INFO 2020-07-08 21:14:13,262 basehttp 124 "GET /static/xadmin/vendor/jquery-ui/jquery.ui.mouse.js HTTP/1.1" 304 0
INFO 2020-07-08 21:14:13,262 basehttp 124 "GET /static/xadmin/vendor/jquery-ui/jquery.ui.sortable.js HTTP/1.1" 304 0
INFO 2020-07-08 21:14:13,272 basehttp 124 "GET /static/xadmin/js/xadmin.main.js HTTP/1.1" 304 0
INFO 2020-07-08 21:14:13,277 basehttp 124 "GET /static/xadmin/js/xadmin.plugin.filters.js HTTP/1.1" 304 0
INFO 2020-07-08 21:14:13,277 basehttp 124 "GET /static/xadmin/js/xadmin.plugin.bookmark.js HTTP/1.1" 304 0
INFO 2020-07-08 21:14:13,282 basehttp 124 "GET /static/xadmin/js/xadmin.page.list.js HTTP/1.1" 304 0
INFO 2020-07-08 21:14:13,283 basehttp 124 "GET /static/xadmin/js/xadmin.plugin.actions.js HTTP/1.1" 304 0
INFO 2020-07-08 21:14:13,285 basehttp 124 "GET /static/xadmin/js/xadmin.page.form.js HTTP/1.1" 304 0
INFO 2020-07-08 21:14:13,299 basehttp 124 "GET /static/xadmin/js/xadmin.responsive.js HTTP/1.1" 304 0
INFO 2020-07-08 21:14:13,299 basehttp 124 "GET /static/xadmin/vendor/jquery-ui/jquery.ui.effect.js HTTP/1.1" 304 0
INFO 2020-07-08 21:14:13,300 basehttp 124 "GET /static/xadmin/js/xadmin.plugin.themes.js HTTP/1.1" 304 0
INFO 2020-07-08 21:14:13,306 basehttp 124 "GET /static/xadmin/js/xadmin.plugin.details.js HTTP/1.1" 304 0
INFO 2020-07-08 21:14:15,259 basehttp 124 "GET /xadmin/jsi18n/ HTTP/1.1" 200 7678
INFO 2020-07-08 21:14:15,283 basehttp 124 "GET /static/xadmin/vendor/font-awesome/fonts/fontawesome-webfont.woff?v=4.0.3 HTTP/1.1" 304 0
INFO 2020-07-08 21:14:26,349 basehttp 124 "GET /xadmin/home/banner/ HTTP/1.1" 200 28827
INFO 2020-07-08 21:14:28,412 basehttp 124 "GET /xadmin/jsi18n/ HTTP/1.1" 200 7678
INFO 2020-07-08 21:14:32,939 basehttp 124 "GET /xadmin/home/banner/ HTTP/1.1" 200 28827
INFO 2020-07-08 21:14:34,992 basehttp 124 "GET /xadmin/jsi18n/ HTTP/1.1" 200 7678
INFO 2020-07-08 21:14:58,427 basehttp 124 "GET /xadmin/home/banner/ HTTP/1.1" 200 29241
INFO 2020-07-08 21:15:00,483 basehttp 124 "GET /xadmin/jsi18n/ HTTP/1.1" 200 7678
INFO 2020-07-08 21:15:04,645 basehttp 124 "GET /xadmin/home/nav/ HTTP/1.1" 200 24900
ERROR 2020-07-08 21:15:04,647 basehttp 124 "GET /xadmin/home/nav/ HTTP/1.1" 500 59
INFO 2020-07-08 21:15:06,631 basehttp 124 "GET /xadmin/home/nav/ HTTP/1.1" 200 24900
ERROR 2020-07-08 21:15:06,632 basehttp 124 "GET /xadmin/home/nav/ HTTP/1.1" 500 59
INFO 2020-07-08 21:15:08,203 basehttp 124 "GET /xadmin/home/nav/ HTTP/1.1" 200 24900
ERROR 2020-07-08 21:15:08,204 basehttp 124 "GET /xadmin/home/nav/ HTTP/1.1" 500 59
INFO 2020-07-08 21:15:08,378 basehttp 124 "GET /xadmin/home/nav/ HTTP/1.1" 200 24900
INFO 2020-07-08 21:15:10,436 basehttp 124 "GET /xadmin/jsi18n/ HTTP/1.1" 200 7678
INFO 2020-07-08 21:15:58,562 basehttp 124 "GET /xadmin/home/nav/add/ HTTP/1.1" 200 19189
INFO 2020-07-08 21:15:58,613 basehttp 124 "GET /static/xadmin/js/xadmin.plugin.portal.js HTTP/1.1" 304 0
INFO 2020-07-08 21:15:58,621 basehttp 124 "GET /static/xadmin/vendor/select2/select2_locale_zh-hans.js HTTP/1.1" 200 694
INFO 2020-07-08 21:15:58,868 basehttp 124 "GET /static/xadmin/vendor/select2/select2.css HTTP/1.1" 200 19226
INFO 2020-07-08 21:15:58,869 basehttp 124 "GET /static/xadmin/vendor/selectize/selectize.css HTTP/1.1" 200 8425
INFO 2020-07-08 21:15:58,870 basehttp 124 "GET /static/xadmin/vendor/selectize/selectize.bootstrap3.css HTTP/1.1" 200 10602
INFO 2020-07-08 21:15:58,871 basehttp 124 "GET /static/xadmin/vendor/selectize/selectize.js HTTP/1.1" 200 98602
INFO 2020-07-08 21:15:58,873 basehttp 124 "GET /static/xadmin/js/xadmin.widget.select.js HTTP/1.1" 200 1344
INFO 2020-07-08 21:15:58,888 basehttp 124 "GET /static/xadmin/vendor/select2/select2.js HTTP/1.1" 200 104906
INFO 2020-07-08 21:16:00,642 basehttp 124 "GET /xadmin/jsi18n/ HTTP/1.1" 200 7678
INFO 2020-07-08 21:16:35,222 basehttp 124 "POST /xadmin/home/nav/add/ HTTP/1.1" 302 0
INFO 2020-07-08 21:16:37,345 basehttp 124 "GET /xadmin/home/nav/add/ HTTP/1.1" 200 19539
INFO 2020-07-08 21:16:39,406 basehttp 124 "GET /xadmin/jsi18n/ HTTP/1.1" 200 7678
INFO 2020-07-08 21:17:29,998 basehttp 124 "POST /xadmin/home/nav/add/ HTTP/1.1" 302 0
INFO 2020-07-08 21:17:32,118 basehttp 124 "GET /xadmin/home/nav/add/ HTTP/1.1" 200 19532
INFO 2020-07-08 21:17:34,178 basehttp 124 "GET /xadmin/jsi18n/ HTTP/1.1" 200 7678
INFO 2020-07-08 21:17:50,752 basehttp 124 "POST /xadmin/home/nav/add/ HTTP/1.1" 302 0
INFO 2020-07-08 21:17:52,871 basehttp 124 "GET /xadmin/home/nav/add/ HTTP/1.1" 200 19532
INFO 2020-07-08 21:17:54,935 basehttp 124 "GET /xadmin/jsi18n/ HTTP/1.1" 200 7678
INFO 2020-07-08 21:18:29,566 basehttp 124 "POST /xadmin/home/nav/add/ HTTP/1.1" 302 0
INFO 2020-07-08 21:18:31,681 basehttp 124 "GET /xadmin/home/nav/add/ HTTP/1.1" 200 19544
INFO 2020-07-08 21:18:33,741 basehttp 124 "GET /xadmin/jsi18n/ HTTP/1.1" 200 7678
INFO 2020-07-08 21:19:03,098 basehttp 124 "POST /xadmin/home/nav/add/ HTTP/1.1" 302 0
INFO 2020-07-08 21:19:05,218 basehttp 124 "GET /xadmin/home/nav/add/ HTTP/1.1" 200 19550
INFO 2020-07-08 21:19:07,282 basehttp 124 "GET /xadmin/jsi18n/ HTTP/1.1" 200 7678
INFO 2020-07-08 21:19:27,393 basehttp 124 "POST /xadmin/home/nav/add/ HTTP/1.1" 302 0
INFO 2020-07-08 21:19:29,516 basehttp 124 "GET /xadmin/home/nav/add/ HTTP/1.1" 200 19535
INFO 2020-07-08 21:19:31,577 basehttp 124 "GET /xadmin/jsi18n/ HTTP/1.1" 200 7678
INFO 2020-07-08 21:19:42,110 basehttp 124 "GET /xadmin/home/nav/ HTTP/1.1" 200 31602
INFO 2020-07-08 21:19:44,170 basehttp 124 "GET /xadmin/jsi18n/ HTTP/1.1" 200 7678
INFO 2020-07-08 21:19:49,166 basehttp 124 "GET /xadmin/home/nav/1/update/ HTTP/1.1" 200 19530
INFO 2020-07-08 21:19:51,226 basehttp 124 "GET /xadmin/jsi18n/ HTTP/1.1" 200 7678
INFO 2020-07-08 21:19:55,786 basehttp 124 "POST /xadmin/home/nav/1/update/ HTTP/1.1" 302 0
INFO 2020-07-08 21:19:57,932 basehttp 124 "GET /xadmin/home/nav/ HTTP/1.1" 200 31845
INFO 2020-07-08 21:20:00,001 basehttp 124 "GET /xadmin/jsi18n/ HTTP/1.1" 200 7678
INFO 2020-07-08 21:20:04,342 basehttp 124 "GET /xadmin/home/nav/5/update/ HTTP/1.1" 200 19574
INFO 2020-07-08 21:20:06,402 basehttp 124 "GET /xadmin/jsi18n/ HTTP/1.1" 200 7678
INFO 2020-07-08 21:20:11,411 basehttp 124 "POST /xadmin/home/nav/5/update/ HTTP/1.1" 302 0
INFO 2020-07-08 21:20:13,524 basehttp 124 "GET /xadmin/home/nav/ HTTP/1.1" 200 31857
INFO 2020-07-08 21:20:15,591 basehttp 124 "GET /xadmin/jsi18n/ HTTP/1.1" 200 7678
INFO 2020-07-08 21:20:20,111 basehttp 124 "GET /xadmin/home/nav/6/update/ HTTP/1.1" 200 19514
INFO 2020-07-08 21:20:22,166 basehttp 124 "GET /xadmin/jsi18n/ HTTP/1.1" 200 7678
INFO 2020-07-08 21:20:27,243 basehttp 124 "POST /xadmin/home/nav/6/update/ HTTP/1.1" 302 0
INFO 2020-07-08 21:20:29,366 basehttp 124 "GET /xadmin/home/nav/ HTTP/1.1" 200 31843
INFO 2020-07-08 21:20:31,434 basehttp 124 "GET /xadmin/jsi18n/ HTTP/1.1" 200 7678
INFO 2020-07-08 21:20:35,300 basehttp 124 "GET /xadmin/home/nav/add/ HTTP/1.1" 200 19189
INFO 2020-07-08 21:20:37,356 basehttp 124 "GET /xadmin/jsi18n/ HTTP/1.1" 200 7678
INFO 2020-07-08 21:21:16,896 basehttp 124 "POST /xadmin/home/nav/add/ HTTP/1.1" 302 0
INFO 2020-07-08 21:21:19,014 basehttp 124 "GET /xadmin/home/nav/ HTTP/1.1" 200 32536
INFO 2020-07-08 21:21:21,083 basehttp 124 "GET /xadmin/jsi18n/ HTTP/1.1" 200 7678
INFO 2020-07-08 21:33:20,962 basehttp 124 "GET /home/nav/ HTTP/1.1" 200 555
INFO 2020-07-08 21:35:15,530 basehttp 124 "GET /home/nav/ HTTP/1.1" 200 555
INFO 2020-07-08 21:41:20,868 basehttp 124 "GET /home/banner/ HTTP/1.1" 200 367
INFO 2020-07-08 21:41:20,868 basehttp 124 "GET /home/nav/ HTTP/1.1" 200 555
INFO 2020-07-08 21:41:20,893 basehttp 124 "GET /media/banner/120P3132330-4_tOZXZtc.jpg HTTP/1.1" 304 0
INFO 2020-07-08 21:41:20,898 basehttp 124 "GET /media/banner/3dbcb2a9d8da469db071116bf60529e2_xv5ZUIF.jpeg HTTP/1.1" 304 0
INFO 2020-07-08 21:41:20,906 basehttp 124 "GET /media/banner/19766807_160125295000_2_22R7AkE.jpg HTTP/1.1" 304 0
